<?xml version="1.0" encoding="UTF-8"?>
<testsuite xmlns:xsi="http://www.w3.org/2001/XMLSchema-instance" xsi:noNamespaceSchemaLocation="https://maven.apache.org/surefire/maven-surefire-plugin/xsd/surefire-test-report.xsd" name="org.jpmml.sklearn.RegressorTest" time="13.118" tests="27" errors="0" skipped="0" failures="0">
  <properties>
[...]
</properties>
  <testcase name="evaluateSGDHousing" classname="org.jpmml.sklearn.RegressorTest" time="2.808"/>
  <testcase name="evaluateLinearRegressionEnsembleAuto" classname="org.jpmml.sklearn.RegressorTest" time="0.619"/>
  <testcase name="evaluateMLPHousing" classname="org.jpmml.sklearn.RegressorTest" time="0.497"/>
  <testcase name="evaluateNuSVRHousing" classname="org.jpmml.sklearn.RegressorTest" time="0.591"/>
  <testcase name="evaluateGradientBoostingAuto" classname="org.jpmml.sklearn.RegressorTest" time="0.699"/>
  <testcase name="evaluateDecisionTreeAuto" classname="org.jpmml.sklearn.RegressorTest" time="0.114"/>
  <testcase name="evaluateXGBAuto" classname="org.jpmml.sklearn.RegressorTest" time="0.399"/>
  <testcase name="evaluateLGBMAuto" classname="org.jpmml.sklearn.RegressorTest" time="0.2"/>
  <testcase name="evaluateLinearSVRHousing" classname="org.jpmml.sklearn.RegressorTest" time="0.186"/>
  <testcase name="evaluateLinearRegressionAutoNA" classname="org.jpmml.sklearn.RegressorTest" time="0.052"/>
  <testcase name="evaluateLassoAuto" classname="org.jpmml.sklearn.RegressorTest" time="0.056"/>
  <testcase name="evaluateRandomForestAuto" classname="org.jpmml.sklearn.RegressorTest" time="0.202"/>
  <testcase name="evaluateSVRHousing" classname="org.jpmml.sklearn.RegressorTest" time="0.442"/>
  <testcase name="evaluateTPOTAuto" classname="org.jpmml.sklearn.RegressorTest" time="0.613"/>
  <testcase name="evaluateTPOTHousing" classname="org.jpmml.sklearn.RegressorTest" time="0.795"/>
  <testcase name="evaluateAdaBoostAuto" classname="org.jpmml.sklearn.RegressorTest" time="0.217"/>
  <testcase name="evaluateLinearRegressionAuto" classname="org.jpmml.sklearn.RegressorTest" time="0.04"/>
  <testcase name="evaluateOneClassSVMHousingAnomaly" classname="org.jpmml.sklearn.RegressorTest" time="0.242"/>
  <testcase name="evaluateKNNHousing" classname="org.jpmml.sklearn.RegressorTest" time="2.594"/>
  <testcase name="evaluateExtraTreesAuto" classname="org.jpmml.sklearn.RegressorTest" time="0.116"/>
  <testcase name="evaluateAdaBoostHousing" classname="org.jpmml.sklearn.RegressorTest" time="0.383"/>
  <testcase name="evaluateDecisionTreeAutoNA" classname="org.jpmml.sklearn.RegressorTest" time="0.045"/>
  <testcase name="evaluateDummyAuto" classname="org.jpmml.sklearn.RegressorTest" time="0.021"/>
  <testcase name="evaluateIsolationForestHousingAnomaly" classname="org.jpmml.sklearn.RegressorTest" time="1.001"/>
  <testcase name="evaluateDecisionTreeEnsembleAuto" classname="org.jpmml.sklearn.RegressorTest" time="0.072"/>
  <testcase name="evaluateElasticNetAuto" classname="org.jpmml.sklearn.RegressorTest" time="0.043"/>
  <testcase name="evaluateRidgeAuto" classname="org.jpmml.sklearn.RegressorTest" time="0.05"/>
</testsuite>