<?xml version="1.0" encoding="UTF-8"?>
<testsuite xmlns:xsi="http://www.w3.org/2001/XMLSchema-instance" xsi:noNamespaceSchemaLocation="https://maven.apache.org/surefire/maven-surefire-plugin/xsd/surefire-test-report.xsd" name="org.jpmml.sklearn.ClassifierTest" time="37.586" tests="53" errors="0" skipped="0" failures="0">
  <properties>
[...]
</properties>
  <testcase name="evaluateLogisticRegressionEnsembleIris" classname="org.jpmml.sklearn.ClassifierTest" time="0.158"/>
  <testcase name="evaluateDecisionTreeAudit" classname="org.jpmml.sklearn.ClassifierTest" time="0.462"/>
  <testcase name="evaluateRidgeAudit" classname="org.jpmml.sklearn.ClassifierTest" time="0.42"/>
  <testcase name="evaluateXGBAudit" classname="org.jpmml.sklearn.ClassifierTest" time="1.362"/>
  <testcase name="evaluateNuSVCVersicolor" classname="org.jpmml.sklearn.ClassifierTest" time="0.079"/>
  <testcase name="evaluateSGDIris" classname="org.jpmml.sklearn.ClassifierTest" time="0.039"/>
  <testcase name="evaluateMLPVersicolor" classname="org.jpmml.sklearn.ClassifierTest" time="0.05"/>
  <testcase name="evaluateGradientBoostingIris" classname="org.jpmml.sklearn.ClassifierTest" time="0.143"/>
  <testcase name="evaluateDecisionTreeIris" classname="org.jpmml.sklearn.ClassifierTest" time="0.029"/>
  <testcase name="evaluateXGBIris" classname="org.jpmml.sklearn.ClassifierTest" time="0.098"/>
  <testcase name="evaluateLinearDiscriminantAnalysisAudit" classname="org.jpmml.sklearn.ClassifierTest" time="0.662"/>
  <testcase name="evaluateKNNVersicolor" classname="org.jpmml.sklearn.ClassifierTest" time="0.345"/>
  <testcase name="evaluateSVCAudit" classname="org.jpmml.sklearn.ClassifierTest" time="5.002"/>
  <testcase name="evaluateTPOTVersicolor" classname="org.jpmml.sklearn.ClassifierTest" time="0.228"/>
  <testcase name="evaluateSVCIris" classname="org.jpmml.sklearn.ClassifierTest" time="0.051"/>
  <testcase name="evaluateLGBMIris" classname="org.jpmml.sklearn.ClassifierTest" time="0.065"/>
  <testcase name="evaluateLogisticRegressionEnsembleAudit" classname="org.jpmml.sklearn.ClassifierTest" time="0.339"/>
  <testcase name="evaluateNaiveBayesAudit" classname="org.jpmml.sklearn.ClassifierTest" time="8.532"/>
  <testcase name="evaluateDecisionTreeAuditNA" classname="org.jpmml.sklearn.ClassifierTest" time="0.098"/>
  <testcase name="evaluateRandomForestIris" classname="org.jpmml.sklearn.ClassifierTest" time="0.066"/>
  <testcase name="evaluatExtraTreesAudit" classname="org.jpmml.sklearn.ClassifierTest" time="0.796"/>
  <testcase name="evaluateLogisticRegressionAudit" classname="org.jpmml.sklearn.ClassifierTest" time="0.257"/>
  <testcase name="evaluateLGBMAudit" classname="org.jpmml.sklearn.ClassifierTest" time="0.715"/>
  <testcase name="evaluateTPOTIris" classname="org.jpmml.sklearn.ClassifierTest" time="0.125"/>
  <testcase name="evaluateSVCVersicolor" classname="org.jpmml.sklearn.ClassifierTest" time="0.046"/>
  <testcase name="evaluateLinearDiscriminantAnalysisIris" classname="org.jpmml.sklearn.ClassifierTest" time="0.034"/>
  <testcase name="evaluateDecisionTreeVersicolor" classname="org.jpmml.sklearn.ClassifierTest" time="0.017"/>
  <testcase name="evaluateRidgeEnsembleAudit" classname="org.jpmml.sklearn.ClassifierTest" time="0.252"/>
  <testcase name="evaluateExtraTreesIris" classname="org.jpmml.sklearn.ClassifierTest" time="0.049"/>
  <testcase name="evaluateKNNIris" classname="org.jpmml.sklearn.ClassifierTest" time="0.1"/>
  <testcase name="evaluateSGDLogVersicolor" classname="org.jpmml.sklearn.ClassifierTest" time="0.028"/>
  <testcase name="evaluateDummyIris" classname="org.jpmml.sklearn.ClassifierTest" time="0.016"/>
  <testcase name="evaluateSGDVersicolor" classname="org.jpmml.sklearn.ClassifierTest" time="0.025"/>
  <testcase name="evaluateNaiveBayesIris" classname="org.jpmml.sklearn.ClassifierTest" time="0.067"/>
  <testcase name="evaluateGradientBoostingAudit" classname="org.jpmml.sklearn.ClassifierTest" time="0.856"/>
  <testcase name="evaluateLogisticRegressionIris" classname="org.jpmml.sklearn.ClassifierTest" time="0.03"/>
  <testcase name="evaluateDummyAudit" classname="org.jpmml.sklearn.ClassifierTest" time="0.042"/>
  <testcase name="evaluateDecisionTreeEnsembleIris" classname="org.jpmml.sklearn.ClassifierTest" time="0.039"/>
  <testcase name="evaluateRandomForestSentiment" classname="org.jpmml.sklearn.ClassifierTest" time="2.451"/>
  <testcase name="evaluateNuSVCIris" classname="org.jpmml.sklearn.ClassifierTest" time="0.039"/>
  <testcase name="evaluateSGDLogIris" classname="org.jpmml.sklearn.ClassifierTest" time="0.027"/>
  <testcase name="evaluateLogisticRegressionAuditNA" classname="org.jpmml.sklearn.ClassifierTest" time="0.054"/>
  <testcase name="evaluateDecisionTreeAuditDict" classname="org.jpmml.sklearn.ClassifierTest" time="0.044"/>
  <testcase name="evaluateRidgeIris" classname="org.jpmml.sklearn.ClassifierTest" time="0.029"/>
  <testcase name="evaluateRidgeEnsembleIris" classname="org.jpmml.sklearn.ClassifierTest" time="0.037"/>
  <testcase name="evaluateMLPIris" classname="org.jpmml.sklearn.ClassifierTest" time="0.054"/>
  <testcase name="evaluateDummyVersicolor" classname="org.jpmml.sklearn.ClassifierTest" time="0.015"/>
  <testcase name="evaluateVotingEnsembleIris" classname="org.jpmml.sklearn.ClassifierTest" time="0.077"/>
  <testcase name="evaluateDecisionTreeEnsembleAudit" classname="org.jpmml.sklearn.ClassifierTest" time="0.409"/>
  <testcase name="evaluateLogisticRegressionAuditDict" classname="org.jpmml.sklearn.ClassifierTest" time="0.05"/>
  <testcase name="evaluateLogisticRegressionSentiment" classname="org.jpmml.sklearn.ClassifierTest" time="3.691"/>
  <testcase name="evaluateVotingEnsembleAudit" classname="org.jpmml.sklearn.ClassifierTest" time="8.302"/>
  <testcase name="evaluateRandomForestAudit" classname="org.jpmml.sklearn.ClassifierTest" time="0.564"/>
</testsuite>